
1
Output match, test passed!
Elapsed time: 21.011933
2
Output match, test passed!
Elapsed time: 21.008628
3
Output match, test passed!
Elapsed time: 21.070688
1
Output match, test passed!
Elapsed time: 12.518526
2
Output match, test passed!
Elapsed time: 12.529370
3
Output match, test passed!
Elapsed time: 12.532868
opt + threaded:
\n starting opt + threaded :
1
2
4
8
10
12
15
20
\n starting opt + threaded :
1
1
Output match, test passed!
Elapsed time: 10.256018
2
2
Output match, test passed!
Elapsed time: 5.150319
4
4
Output match, test passed!
Elapsed time: 2.634557
8
8
Output match, test passed!
Elapsed time: 1.411663
10
10
Output match, test passed!
Elapsed time: 1.170609
12
12
Outputs do not match! (1992, 1) (32452288.050684, 0.000000)
Elapsed time: 0.991032
15
15
Outputs do not match! (1996, 1) (32582749.378673, 0.000000)
Elapsed time: 0.801723
20
20
Output match, test passed!
Elapsed time: 0.600439
\n starting opt + threaded :
1
Running with: 1 threads.
Firing threads ->
Threads joined.
Output match, test passed!
Elapsed time: 14.612200
2
Running with: 2 threads.
Firing threads ->
Threads joined.
Output match, test passed!
Elapsed time: 7.486373
4
Running with: 4 threads.
Firing threads ->
Threads joined.
Output match, test passed!
Elapsed time: 3.769789
8
Running with: 8 threads.
Firing threads ->
Threads joined.
Output match, test passed!
Elapsed time: 1.990438
10
Running with: 10 threads.
Firing threads ->
Threads joined.
Output match, test passed!
Elapsed time: 1.625166
16
Running with: 16 threads.
Firing threads ->
Threads joined.
Output match, test passed!
Elapsed time: 1.026001
20
Running with: 20 threads.
Firing threads ->
Threads joined.
Output match, test passed!
Elapsed time: 0.905815



------------------------------
opt + thread TEST 2
-----------------------------



\n starting opt + threaded :
1
1
Output match, test passed!
Elapsed time: 5.640017
2
2
Output match, test passed!
Elapsed time: 2.860719
4
4
Output match, test passed!
Elapsed time: 1.444673
8
8
Output match, test passed!
Elapsed time: 0.795755
10
10
Output match, test passed!
Elapsed time: 0.629071
16
16
Output match, test passed!
Elapsed time: 0.400414
20
20
Output match, test passed!
Elapsed time: 0.333824
